<?xml version="1.0" encoding="UTF-8"?>
<testng-results ignored="0" total="3" passed="3" failed="0" skipped="0">
  <reporter-output>
  </reporter-output>
  <suite started-at="2023-07-02T11:58:26 IST" name="Default suite" finished-at="2023-07-02T11:58:32 IST" duration-ms="5401">
    <groups>
    </groups>
    <test started-at="2023-07-02T11:58:26 IST" name="Default test" finished-at="2023-07-02T11:58:32 IST" duration-ms="5401">
      <class name="tests.PutPatchDeleteExample">
        <test-method signature="testDelete()[pri:0, instance:tests.PutPatchDeleteExample@4ef37659]" started-at="2023-07-02T11:58:26 IST" name="testDelete" finished-at="2023-07-02T11:58:30 IST" duration-ms="3940" status="PASS">
          <reporter-output>
          </reporter-output>
        </test-method> <!-- testDelete -->
        <test-method signature="testPatch()[pri:0, instance:tests.PutPatchDeleteExample@4ef37659]" started-at="2023-07-02T11:58:30 IST" name="testPatch" finished-at="2023-07-02T11:58:31 IST" duration-ms="733" status="PASS">
          <reporter-output>
          </reporter-output>
        </test-method> <!-- testPatch -->
        <test-method signature="testPut()[pri:0, instance:tests.PutPatchDeleteExample@4ef37659]" started-at="2023-07-02T11:58:31 IST" name="testPut" finished-at="2023-07-02T11:58:31 IST" duration-ms="624" status="PASS">
          <reporter-output>
          </reporter-output>
        </test-method> <!-- testPut -->
      </class> <!-- tests.PutPatchDeleteExample -->
    </test> <!-- Default test -->
  </suite> <!-- Default suite -->
</testng-results>
