<?xml version="1.0" encoding="UTF-8"?>
<!-- Generated by org.testng.reporters.JUnitXMLReporter -->
<testsuite ignored="0" hostname="DESKTOP-GQDM6SC" failures="0" tests="3" name="Default test" time="5.401" errors="0" timestamp="2023-07-02T11:58:32 IST">
  <testcase classname="tests.PutPatchDeleteExample" name="testDelete" time="3.94"/>
  <testcase classname="tests.PutPatchDeleteExample" name="testPatch" time="0.733"/>
  <testcase classname="tests.PutPatchDeleteExample" name="testPut" time="0.624"/>
</testsuite> <!-- Default test -->
